CASE #1: 0
CASE #2: 999337777
CASE #3: 66 666
CASE #4: 333666 666022 2777
CASE #5: 4433555 555666096667775553
CASE #6: 443 377
CASE #7: 55 559994466699977733
CASE #8: 8899993332226622
CASE #9: 2 22299
CASE #10: 7772243 3888 822290
CASE #11: 442225556682277555088 88
CASE #12: 9322288477772888999222
CASE #13: 85559
CASE #14: 76877755444 4442999
CASE #15: 0222
CASE #16: 99339999 922243662233 337733
CASE #17: 99223557777338899477555 5599
CASE #18: 222533 32233377779
CASE #19: 44777799933377779933444
CASE #20: 5533446688 888 888999333 333 3
CASE #21: 44433 3669999777788833444
CASE #22: 2224888 883669995667
CASE #23: 55 55577 77755
CASE #24: 5544426667744333444777688
CASE #25: 9996033390799993229
CASE #26: 539999
CASE #27: 22666777223377779
CASE #28: 22255 577774777 777 7770
CASE #29: 7888444033555667777
CASE #30: 66697665599955226668887 7777
CASE #31: 44775593309996669999777444
CASE #32: 44454099922
CASE #33: 66773666299997777874559997777333
CASE #34: 67777 77779999 977733666222
CASE #35: 663 33399508334
CASE #36: 8833328884449555
CASE #37: 9 9944777722252777756633055
CASE #38: 722 2 26744733555 52
CASE #39: 066675577738855
CASE #40: 55 5444 4455544
CASE #41: 2229922366556222442229998
CASE #42: 777 78855588999
CASE #43: 6663374886222 222
CASE #44: 9423889999355588332225888
CASE #45: 77739999666
CASE #46: 559999777
CASE #47: 388
CASE #48: 33306654407 7999669999222
CASE #49: 3 3555
CASE #50: 55 553388 88440
CASE #51: 49999666
CASE #52: 337
CASE #53: 555777333978887779777796622777666
CASE #54: 88333
CASE #55: 944452695
CASE #56: 668887744433733
CASE #57: 7778
CASE #58: 2 22292993344
CASE #59: 22277643088442225553 37777
CASE #60: 889977799933388833
CASE #61: 88666 66577799
CASE #62: 443335777 7555666 659
CASE #63: 999922 222888999922
CASE #64: 77 777752 2226699888
CASE #65: 332228887777559922255998
CASE #66: 999 999 9963777766888 88875777 7
CASE #67: 776954443
CASE #68: 66688899995444 444999944422669999
CASE #69: 9999 999 9997778887772993222042
CASE #70: 88877 77778833322777228
CASE #71: 799933399 99 9999 9999
CASE #72: 7770555885558222 22555857
CASE #73: 3336779999888 888 8099
CASE #74: 9558887225776688
CASE #75: 7899994455 559966699977757777
CASE #76: 3344499
CASE #77: 666555444 44
CASE #78: 33225554499442664
CASE #79: 49555222
CASE #80: 229999774477773332 25550
CASE #81: 33222666266777
CASE #82: 88 8885577855588 883355333
CASE #83: 5566222
CASE #84: 2227775566445999 997555999944
CASE #85: 77778877666877333 36622
CASE #86: 8882226
CASE #87: 44436667777 77 7 7222555
CASE #88: 99993299929993344454777755
CASE #89: 544662277755
CASE #90: 336662229996665587777477788 88
CASE #91: 9755
CASE #92: 25669955229977666508777
CASE #93: 67777266
CASE #94: 996655996664
CASE #95: 4426669999662 22266644
CASE #96: 559
CASE #97: 9997777
CASE #98: 5222088 8 8864445992266
CASE #99: 7776222333226665888
CASE #100: 444228844477222 29333888446
