CASE #1: 2 3
CASE #2: 1 4
CASE #3: 4 5
CASE #4: 29 46
CASE #5: 11 56
CASE #6: 84 240
CASE #7: 413 584
CASE #8: 28 80
CASE #9: 380 633
CASE #10: 190 242
CASE #11: 450 667
CASE #12: 7 126
CASE #13: 208 636
CASE #14: 301 831
CASE #15: 243 649
CASE #16: 258 429
CASE #17: 18 49
CASE #18: 7 32
CASE #19: 750 965
CASE #20: 196 718
CASE #21: 292 1236
CASE #22: 539 935
CASE #23: 20 263
CASE #24: 30 107
CASE #25: 3 94
CASE #26: 425 484
CASE #27: 623 923
CASE #28: 219 656
CASE #29: 133 242
CASE #30: 691 800
CASE #31: 317 338
CASE #32: 207 485
CASE #33: 63 64
CASE #34: 13 206
CASE #35: 407 421
CASE #36: 654 972
CASE #37: 205 275
CASE #38: 499 883
CASE #39: 471 633
CASE #40: 371 393
CASE #41: 25 170
CASE #42: 64 521
CASE #43: 28 78
CASE #44: 949 1590
CASE #45: 1 1043
CASE #46: 636 773
CASE #47: 240 908
CASE #48: 6 47
CASE #49: 81 288
CASE #50: 274 983
